{'dataset': {'original_size': [1920, 1080],
             'rainy_augmentation_prob': 0,
             'root': '/net/ens/am4ip/datasets/project-dataset',
             'sunny_augmentation_prob': 1,
             'use_general_transforms': False},
 'directories': {'save_model_path': './model.pth'},
 'training': {'batch_size': 16,
              'learning_rate': 0.001,
              'loss': 'CrossEntropy',
              'num_epochs': 25,
              'optimizer': 'Adam'}}
Training samples: 8960
Testing samples: 1485

Start epoch 1/25

20241224_085829 - Epoch 1 finished. Avg Loss: 1.0221, Mean IoU: 0.0797

Start epoch 2/25

20241224_090341 - Epoch 2 finished. Avg Loss: 0.4695, Mean IoU: 0.1669

Start epoch 3/25

20241224_090852 - Epoch 3 finished. Avg Loss: 0.3126, Mean IoU: 0.2402

Start epoch 4/25

20241224_091404 - Epoch 4 finished. Avg Loss: 0.2453, Mean IoU: 0.2875

Start epoch 5/25

20241224_091916 - Epoch 5 finished. Avg Loss: 0.2068, Mean IoU: 0.3184

Start epoch 6/25

20241224_092428 - Epoch 6 finished. Avg Loss: 0.1833, Mean IoU: 0.3391

Start epoch 7/25

20241224_092940 - Epoch 7 finished. Avg Loss: 0.1631, Mean IoU: 0.3580

Start epoch 8/25

20241224_093451 - Epoch 8 finished. Avg Loss: 0.1561, Mean IoU: 0.3654

Start epoch 9/25

20241224_094003 - Epoch 9 finished. Avg Loss: 0.1426, Mean IoU: 0.3767

Start epoch 10/25

20241224_094515 - Epoch 10 finished. Avg Loss: 0.1381, Mean IoU: 0.3816

Start epoch 11/25

20241224_095026 - Epoch 11 finished. Avg Loss: 0.1314, Mean IoU: 0.3881

Start epoch 12/25

20241224_095538 - Epoch 12 finished. Avg Loss: 0.1261, Mean IoU: 0.3931

Start epoch 13/25

20241224_100050 - Epoch 13 finished. Avg Loss: 0.1220, Mean IoU: 0.3962

Start epoch 14/25

20241224_100602 - Epoch 14 finished. Avg Loss: 0.1156, Mean IoU: 0.4031

Start epoch 15/25

20241224_101114 - Epoch 15 finished. Avg Loss: 0.1144, Mean IoU: 0.4038

Start epoch 16/25

20241224_101625 - Epoch 16 finished. Avg Loss: 0.1139, Mean IoU: 0.4065

Start epoch 17/25

20241224_102137 - Epoch 17 finished. Avg Loss: 0.1082, Mean IoU: 0.4114

Start epoch 18/25

20241224_102649 - Epoch 18 finished. Avg Loss: 0.1048, Mean IoU: 0.4153

Start epoch 19/25

20241224_103201 - Epoch 19 finished. Avg Loss: 0.1027, Mean IoU: 0.4184

Start epoch 20/25

20241224_103712 - Epoch 20 finished. Avg Loss: 0.1014, Mean IoU: 0.4196

Start epoch 21/25

20241224_104224 - Epoch 21 finished. Avg Loss: 0.0983, Mean IoU: 0.4227

Start epoch 22/25

20241224_104736 - Epoch 22 finished. Avg Loss: 0.0971, Mean IoU: 0.4238

Start epoch 23/25

20241224_105247 - Epoch 23 finished. Avg Loss: 0.0943, Mean IoU: 0.4286

Start epoch 24/25

20241224_105759 - Epoch 24 finished. Avg Loss: 0.0973, Mean IoU: 0.4248

Start epoch 25/25

20241224_110311 - Epoch 25 finished. Avg Loss: 0.0910, Mean IoU: 0.4318
20241224_110331 - Evaluation complete. Avg Loss: 0.1012, Mean IoU: 0.4291, Weighted IoU: 0.9312
