{'dataset': {'original_size': [1920, 1080],
             'rainy_augmentation_prob': 1,
             'root': '/net/ens/am4ip/datasets/project-dataset',
             'sunny_augmentation_prob': 1,
             'use_general_transforms': False},
 'directories': {'save_model_path': './model.pth'},
 'training': {'batch_size': 16,
              'learning_rate': 0.001,
              'loss': 'CrossEntropy',
              'num_epochs': 25,
              'optimizer': 'Adam'}}
Training samples: 11873
Testing samples: 1485

Start epoch 1/25

20241224_111700 - Epoch 1 finished. Avg Loss: 0.9881, Mean IoU: 0.0876

Start epoch 2/25

20241224_113018 - Epoch 2 finished. Avg Loss: 0.4389, Mean IoU: 0.1922

Start epoch 3/25

20241224_114357 - Epoch 3 finished. Avg Loss: 0.2948, Mean IoU: 0.2666

Start epoch 4/25

20241224_115716 - Epoch 4 finished. Avg Loss: 0.2340, Mean IoU: 0.3024

Start epoch 5/25

20241224_121056 - Epoch 5 finished. Avg Loss: 0.2001, Mean IoU: 0.3280

Start epoch 6/25

20241224_122436 - Epoch 6 finished. Avg Loss: 0.1795, Mean IoU: 0.3441

Start epoch 7/25

20241224_123759 - Epoch 7 finished. Avg Loss: 0.1650, Mean IoU: 0.3573

Start epoch 8/25

20241224_125126 - Epoch 8 finished. Avg Loss: 0.1535, Mean IoU: 0.3670

Start epoch 9/25

20241224_130516 - Epoch 9 finished. Avg Loss: 0.1422, Mean IoU: 0.3754

Start epoch 10/25

20241224_131918 - Epoch 10 finished. Avg Loss: 0.1360, Mean IoU: 0.3813

Start epoch 11/25

20241224_133313 - Epoch 11 finished. Avg Loss: 0.1300, Mean IoU: 0.3868

Start epoch 12/25

20241224_134650 - Epoch 12 finished. Avg Loss: 0.1275, Mean IoU: 0.3895

Start epoch 13/25

20241224_140001 - Epoch 13 finished. Avg Loss: 0.1211, Mean IoU: 0.3949

Start epoch 14/25

20241224_141326 - Epoch 14 finished. Avg Loss: 0.1180, Mean IoU: 0.4008

Start epoch 15/25

20241224_142709 - Epoch 15 finished. Avg Loss: 0.1127, Mean IoU: 0.4049

Start epoch 16/25

20241224_144106 - Epoch 16 finished. Avg Loss: 0.1110, Mean IoU: 0.4079

Start epoch 17/25

20241224_145445 - Epoch 17 finished. Avg Loss: 0.1531, Mean IoU: 0.3840

Start epoch 18/25

20241224_150822 - Epoch 18 finished. Avg Loss: 0.1247, Mean IoU: 0.3971

Start epoch 19/25

20241224_152210 - Epoch 19 finished. Avg Loss: 0.1056, Mean IoU: 0.4185

Start epoch 20/25

20241224_153537 - Epoch 20 finished. Avg Loss: 0.1020, Mean IoU: 0.4235

Start epoch 21/25

20241224_154922 - Epoch 21 finished. Avg Loss: 0.1020, Mean IoU: 0.4245

Start epoch 22/25

20241224_160300 - Epoch 22 finished. Avg Loss: 0.0999, Mean IoU: 0.4280

Start epoch 23/25

20241224_161607 - Epoch 23 finished. Avg Loss: 0.1027, Mean IoU: 0.4248

Start epoch 24/25

20241224_162957 - Epoch 24 finished. Avg Loss: 0.0960, Mean IoU: 0.4330

Start epoch 25/25

20241224_164349 - Epoch 25 finished. Avg Loss: 0.0961, Mean IoU: 0.4333
20241224_164409 - Evaluation complete. Avg Loss: 0.1009, Mean IoU: 0.4248, Weighted IoU: 0.9311
