{'dataset': {'original_size': [1920, 1080],
             'rainy_augmentation_prob': 1,
             'root': '/net/ens/am4ip/datasets/project-dataset',
             'sunny_augmentation_prob': 1,
             'use_general_transforms': True},
 'directories': {'save_model_path': './model.pth'},
 'training': {'batch_size': 16,
              'learning_rate': 0.001,
              'loss': 'CrossEntropy',
              'num_epochs': 100,
              'optimizer': 'Adam'}}
Training samples: 11873
Testing samples: 1485

Start epoch 1/100

20250117_014726 - Epoch 1 finished. Avg Loss: 1.2779, Mean IoU: 0.0607

Start epoch 2/100

20250117_020025 - Epoch 2 finished. Avg Loss: 0.7432, Mean IoU: 0.1092

Start epoch 3/100

20250117_021333 - Epoch 3 finished. Avg Loss: 0.5651, Mean IoU: 0.1631

Start epoch 4/100

20250117_022631 - Epoch 4 finished. Avg Loss: 0.4534, Mean IoU: 0.2073

Start epoch 5/100

20250117_023944 - Epoch 5 finished. Avg Loss: 0.3868, Mean IoU: 0.2362

Start epoch 6/100

20250117_025240 - Epoch 6 finished. Avg Loss: 0.3417, Mean IoU: 0.2562

Start epoch 7/100

20250117_030542 - Epoch 7 finished. Avg Loss: 0.3090, Mean IoU: 0.2750

Start epoch 8/100

20250117_031855 - Epoch 8 finished. Avg Loss: 0.2816, Mean IoU: 0.2906

Start epoch 9/100

20250117_033159 - Epoch 9 finished. Avg Loss: 0.2652, Mean IoU: 0.3012

Start epoch 10/100

20250117_034507 - Epoch 10 finished. Avg Loss: 0.2496, Mean IoU: 0.3100

Start epoch 11/100

20250117_035802 - Epoch 11 finished. Avg Loss: 0.2343, Mean IoU: 0.3196

Start epoch 12/100

20250117_041109 - Epoch 12 finished. Avg Loss: 0.2239, Mean IoU: 0.3262

Start epoch 13/100

20250117_042408 - Epoch 13 finished. Avg Loss: 0.2145, Mean IoU: 0.3324

Start epoch 14/100

20250117_043714 - Epoch 14 finished. Avg Loss: 0.2077, Mean IoU: 0.3372

Start epoch 15/100

20250117_045001 - Epoch 15 finished. Avg Loss: 0.2006, Mean IoU: 0.3402

Start epoch 16/100

20250117_050319 - Epoch 16 finished. Avg Loss: 0.1934, Mean IoU: 0.3452

Start epoch 17/100

20250117_051620 - Epoch 17 finished. Avg Loss: 0.1897, Mean IoU: 0.3474

Start epoch 18/100

20250117_052918 - Epoch 18 finished. Avg Loss: 0.1879, Mean IoU: 0.3490

Start epoch 19/100

20250117_054212 - Epoch 19 finished. Avg Loss: 0.1806, Mean IoU: 0.3532

Start epoch 20/100

20250117_055510 - Epoch 20 finished. Avg Loss: 0.1757, Mean IoU: 0.3567

Start epoch 21/100

20250117_060804 - Epoch 21 finished. Avg Loss: 0.1727, Mean IoU: 0.3583

Start epoch 22/100

20250117_062103 - Epoch 22 finished. Avg Loss: 0.1691, Mean IoU: 0.3606

Start epoch 23/100

20250117_063412 - Epoch 23 finished. Avg Loss: 0.1662, Mean IoU: 0.3620

Start epoch 24/100

20250117_064704 - Epoch 24 finished. Avg Loss: 0.1631, Mean IoU: 0.3650

Start epoch 25/100

20250117_070000 - Epoch 25 finished. Avg Loss: 0.1641, Mean IoU: 0.3642

Start epoch 26/100

20250117_071317 - Epoch 26 finished. Avg Loss: 0.1694, Mean IoU: 0.3604

Start epoch 27/100

20250117_072618 - Epoch 27 finished. Avg Loss: 0.1560, Mean IoU: 0.3695

Start epoch 28/100

20250117_073909 - Epoch 28 finished. Avg Loss: 0.1553, Mean IoU: 0.3692

Start epoch 29/100

20250117_075237 - Epoch 29 finished. Avg Loss: 0.1500, Mean IoU: 0.3733

Start epoch 30/100
