{'dataset': {'original_size': [1920, 1080],
             'rainy_augmentation_prob': 1,
             'root': '/net/ens/am4ip/datasets/project-dataset',
             'sunny_augmentation_prob': 1,
             'use_general_transforms': True},
 'directories': {'save_model_path': './model.pth'},
 'training': {'batch_size': 16,
              'learning_rate': 0.001,
              'loss': 'CrossEntropy',
              'num_epochs': 100,
              'optimizer': 'Adam'}}
Training samples: 11873
Testing samples: 1485

Start epoch 1/100

20250116_142114 - Epoch 1 finished. Avg Loss: 1.3284, Mean IoU: 0.0563

Start epoch 2/100

20250116_143412 - Epoch 2 finished. Avg Loss: 0.8706, Mean IoU: 0.0910

Start epoch 3/100

20250116_144712 - Epoch 3 finished. Avg Loss: 0.6884, Mean IoU: 0.1249

Start epoch 4/100

20250116_150026 - Epoch 4 finished. Avg Loss: 0.5699, Mean IoU: 0.1612

Start epoch 5/100

20250116_151322 - Epoch 5 finished. Avg Loss: 0.4879, Mean IoU: 0.1960

Start epoch 6/100

20250116_152615 - Epoch 6 finished. Avg Loss: 0.4186, Mean IoU: 0.2250

Start epoch 7/100

20250116_153913 - Epoch 7 finished. Avg Loss: 0.3714, Mean IoU: 0.2446

Start epoch 8/100

20250116_155231 - Epoch 8 finished. Avg Loss: 0.3379, Mean IoU: 0.2568

Start epoch 9/100

20250116_160546 - Epoch 9 finished. Avg Loss: 0.3073, Mean IoU: 0.2729

Start epoch 10/100

20250116_161920 - Epoch 10 finished. Avg Loss: 0.2861, Mean IoU: 0.2824

Start epoch 11/100

20250116_163244 - Epoch 11 finished. Avg Loss: 0.2734, Mean IoU: 0.2913

Start epoch 12/100

20250116_164606 - Epoch 12 finished. Avg Loss: 0.2517, Mean IoU: 0.3042

Start epoch 13/100

20250116_165947 - Epoch 13 finished. Avg Loss: 0.2403, Mean IoU: 0.3130

Start epoch 14/100

20250116_171330 - Epoch 14 finished. Avg Loss: 0.2321, Mean IoU: 0.3193

Start epoch 15/100

20250116_172641 - Epoch 15 finished. Avg Loss: 0.2214, Mean IoU: 0.3268

Start epoch 16/100

20250116_174014 - Epoch 16 finished. Avg Loss: 0.2128, Mean IoU: 0.3321

Start epoch 17/100

20250116_175340 - Epoch 17 finished. Avg Loss: 0.2075, Mean IoU: 0.3363

Start epoch 18/100

20250116_180703 - Epoch 18 finished. Avg Loss: 0.2030, Mean IoU: 0.3389

Start epoch 19/100

20250116_182029 - Epoch 19 finished. Avg Loss: 0.1984, Mean IoU: 0.3410

Start epoch 20/100

20250116_183358 - Epoch 20 finished. Avg Loss: 0.1916, Mean IoU: 0.3448

Start epoch 21/100

20250116_184729 - Epoch 21 finished. Avg Loss: 0.1882, Mean IoU: 0.3475

Start epoch 22/100

20250116_190108 - Epoch 22 finished. Avg Loss: 0.1842, Mean IoU: 0.3501

Start epoch 23/100

20250116_191440 - Epoch 23 finished. Avg Loss: 0.1799, Mean IoU: 0.3524

Start epoch 24/100

20250116_192806 - Epoch 24 finished. Avg Loss: 0.1769, Mean IoU: 0.3540

Start epoch 25/100

20250116_194138 - Epoch 25 finished. Avg Loss: 0.1740, Mean IoU: 0.3561

Start epoch 26/100

20250116_195455 - Epoch 26 finished. Avg Loss: 0.1689, Mean IoU: 0.3599

Start epoch 27/100

20250116_200823 - Epoch 27 finished. Avg Loss: 0.1700, Mean IoU: 0.3595

Start epoch 28/100

20250116_202204 - Epoch 28 finished. Avg Loss: 0.1655, Mean IoU: 0.3622

Start epoch 29/100

20250116_203526 - Epoch 29 finished. Avg Loss: 0.1650, Mean IoU: 0.3638

Start epoch 30/100

20250116_204913 - Epoch 30 finished. Avg Loss: 0.1620, Mean IoU: 0.3657

Start epoch 31/100

20250116_210250 - Epoch 31 finished. Avg Loss: 0.1623, Mean IoU: 0.3651

Start epoch 32/100

20250116_211646 - Epoch 32 finished. Avg Loss: 0.1578, Mean IoU: 0.3678

Start epoch 33/100

20250116_212957 - Epoch 33 finished. Avg Loss: 0.1586, Mean IoU: 0.3674

Start epoch 34/100

20250116_214319 - Epoch 34 finished. Avg Loss: 0.1553, Mean IoU: 0.3711

Start epoch 35/100

20250116_215638 - Epoch 35 finished. Avg Loss: 0.1548, Mean IoU: 0.3722

Start epoch 36/100

20250116_220942 - Epoch 36 finished. Avg Loss: 0.1508, Mean IoU: 0.3732

Start epoch 37/100

20250116_222246 - Epoch 37 finished. Avg Loss: 0.1512, Mean IoU: 0.3743

Start epoch 38/100

20250116_223548 - Epoch 38 finished. Avg Loss: 0.1481, Mean IoU: 0.3777

Start epoch 39/100

20250116_224847 - Epoch 39 finished. Avg Loss: 0.1487, Mean IoU: 0.3778

Start epoch 40/100

20250116_230147 - Epoch 40 finished. Avg Loss: 0.1479, Mean IoU: 0.3773

Start epoch 41/100

20250116_231442 - Epoch 41 finished. Avg Loss: 0.1449, Mean IoU: 0.3790

Start epoch 42/100

20250116_232736 - Epoch 42 finished. Avg Loss: 0.1442, Mean IoU: 0.3802

Start epoch 43/100

20250116_234038 - Epoch 43 finished. Avg Loss: 0.1439, Mean IoU: 0.3811

Start epoch 44/100

20250116_235330 - Epoch 44 finished. Avg Loss: 0.1455, Mean IoU: 0.3814

Start epoch 45/100

20250117_000630 - Epoch 45 finished. Avg Loss: 0.1439, Mean IoU: 0.3821

Start epoch 46/100

20250117_001915 - Epoch 46 finished. Avg Loss: 0.1378, Mean IoU: 0.3858

Start epoch 47/100

20250117_003201 - Epoch 47 finished. Avg Loss: 0.1405, Mean IoU: 0.3849

Start epoch 48/100

20250117_004456 - Epoch 48 finished. Avg Loss: 0.1386, Mean IoU: 0.3861

Start epoch 49/100

20250117_005744 - Epoch 49 finished. Avg Loss: 0.1367, Mean IoU: 0.3883

Start epoch 50/100

20250117_011040 - Epoch 50 finished. Avg Loss: 0.1401, Mean IoU: 0.3858

Start epoch 51/100

20250117_012333 - Epoch 51 finished. Avg Loss: 0.1358, Mean IoU: 0.3886

Start epoch 52/100

20250117_013636 - Epoch 52 finished. Avg Loss: 0.1339, Mean IoU: 0.3904

Start epoch 53/100

20250117_014933 - Epoch 53 finished. Avg Loss: 0.1332, Mean IoU: 0.3922

Start epoch 54/100

20250117_020230 - Epoch 54 finished. Avg Loss: 0.1335, Mean IoU: 0.3914

Start epoch 55/100

20250117_021529 - Epoch 55 finished. Avg Loss: 0.1328, Mean IoU: 0.3918

Start epoch 56/100

20250117_022816 - Epoch 56 finished. Avg Loss: 0.1337, Mean IoU: 0.3924

Start epoch 57/100

20250117_024054 - Epoch 57 finished. Avg Loss: 0.1334, Mean IoU: 0.3924

Start epoch 58/100

20250117_025353 - Epoch 58 finished. Avg Loss: 0.1314, Mean IoU: 0.3946

Start epoch 59/100

20250117_030701 - Epoch 59 finished. Avg Loss: 0.1301, Mean IoU: 0.3960

Start epoch 60/100

20250117_031954 - Epoch 60 finished. Avg Loss: 0.1320, Mean IoU: 0.3945

Start epoch 61/100

20250117_033249 - Epoch 61 finished. Avg Loss: 0.1305, Mean IoU: 0.3952

Start epoch 62/100

20250117_034547 - Epoch 62 finished. Avg Loss: 0.1277, Mean IoU: 0.3986

Start epoch 63/100

20250117_035841 - Epoch 63 finished. Avg Loss: 0.1273, Mean IoU: 0.3986

Start epoch 64/100

20250117_041136 - Epoch 64 finished. Avg Loss: 0.1279, Mean IoU: 0.3979

Start epoch 65/100

20250117_042423 - Epoch 65 finished. Avg Loss: 0.1277, Mean IoU: 0.3987

Start epoch 66/100

20250117_043717 - Epoch 66 finished. Avg Loss: 0.1299, Mean IoU: 0.3983

Start epoch 67/100

20250117_045009 - Epoch 67 finished. Avg Loss: 0.1256, Mean IoU: 0.4006

Start epoch 68/100

20250117_050301 - Epoch 68 finished. Avg Loss: 0.1249, Mean IoU: 0.4024

Start epoch 69/100

20250117_051552 - Epoch 69 finished. Avg Loss: 0.1261, Mean IoU: 0.4001

Start epoch 70/100

20250117_052834 - Epoch 70 finished. Avg Loss: 0.1248, Mean IoU: 0.4006

Start epoch 71/100

20250117_054132 - Epoch 71 finished. Avg Loss: 0.1243, Mean IoU: 0.4023

Start epoch 72/100

20250117_055407 - Epoch 72 finished. Avg Loss: 0.1247, Mean IoU: 0.4017

Start epoch 73/100

20250117_060658 - Epoch 73 finished. Avg Loss: 0.1281, Mean IoU: 0.3984

Start epoch 74/100

20250117_061955 - Epoch 74 finished. Avg Loss: 0.1238, Mean IoU: 0.4032

Start epoch 75/100

20250117_063244 - Epoch 75 finished. Avg Loss: 0.1202, Mean IoU: 0.4062

Start epoch 76/100

20250117_064531 - Epoch 76 finished. Avg Loss: 0.1236, Mean IoU: 0.4038

Start epoch 77/100

20250117_065811 - Epoch 77 finished. Avg Loss: 0.1218, Mean IoU: 0.4047

Start epoch 78/100

20250117_071059 - Epoch 78 finished. Avg Loss: 0.1196, Mean IoU: 0.4071

Start epoch 79/100

20250117_072344 - Epoch 79 finished. Avg Loss: 0.1237, Mean IoU: 0.4039

Start epoch 80/100

20250117_073634 - Epoch 80 finished. Avg Loss: 0.1213, Mean IoU: 0.4057

Start epoch 81/100

20250117_074936 - Epoch 81 finished. Avg Loss: 0.1218, Mean IoU: 0.4055

Start epoch 82/100

20250117_080309 - Epoch 82 finished. Avg Loss: 0.1210, Mean IoU: 0.4045

Start epoch 83/100

20250117_081632 - Epoch 83 finished. Avg Loss: 0.1185, Mean IoU: 0.4069

Start epoch 84/100

20250117_082958 - Epoch 84 finished. Avg Loss: 0.1191, Mean IoU: 0.4069

Start epoch 85/100

20250117_084318 - Epoch 85 finished. Avg Loss: 0.1191, Mean IoU: 0.4078

Start epoch 86/100

20250117_085655 - Epoch 86 finished. Avg Loss: 0.1183, Mean IoU: 0.4090

Start epoch 87/100

20250117_091036 - Epoch 87 finished. Avg Loss: 0.1184, Mean IoU: 0.4083

Start epoch 88/100

20250117_092402 - Epoch 88 finished. Avg Loss: 0.1177, Mean IoU: 0.4087

Start epoch 89/100
