{'dataset': {'original_size': [1920, 1080],
             'rainy_augmentation_prob': 0,
             'root': '/net/ens/am4ip/datasets/project-dataset',
             'sunny_augmentation_prob': 1,
             'use_general_transforms': False},
 'directories': {'save_model_path': './model.pth'},
 'training': {'batch_size': 16,
              'learning_rate': 0.001,
              'loss': 'CrossEntropy',
              'num_epochs': 100,
              'optimizer': 'Adam'}}
Training samples: 8960
Testing samples: 1485

Start epoch 1/100

20250116_092430 - Epoch 1 finished. Avg Loss: 1.2146, Mean IoU: 0.0794

Start epoch 2/100

20250116_092944 - Epoch 2 finished. Avg Loss: 0.4349, Mean IoU: 0.1735

Start epoch 3/100

20250116_093458 - Epoch 3 finished. Avg Loss: 0.2892, Mean IoU: 0.2530

Start epoch 4/100

20250116_094013 - Epoch 4 finished. Avg Loss: 0.2264, Mean IoU: 0.3012

Start epoch 5/100

20250116_094527 - Epoch 5 finished. Avg Loss: 0.1946, Mean IoU: 0.3264

Start epoch 6/100

20250116_095041 - Epoch 6 finished. Avg Loss: 0.1707, Mean IoU: 0.3463

Start epoch 7/100

20250116_095556 - Epoch 7 finished. Avg Loss: 0.1600, Mean IoU: 0.3582

Start epoch 8/100

20250116_100110 - Epoch 8 finished. Avg Loss: 0.1446, Mean IoU: 0.3721

Start epoch 9/100

20250116_100624 - Epoch 9 finished. Avg Loss: 0.1403, Mean IoU: 0.3772

Start epoch 10/100

20250116_101138 - Epoch 10 finished. Avg Loss: 0.1324, Mean IoU: 0.3840

Start epoch 11/100

20250116_101653 - Epoch 11 finished. Avg Loss: 0.1475, Mean IoU: 0.3738

Start epoch 12/100

20250116_102207 - Epoch 12 finished. Avg Loss: 0.1225, Mean IoU: 0.3919

Start epoch 13/100

20250116_102721 - Epoch 13 finished. Avg Loss: 0.1177, Mean IoU: 0.3982

Start epoch 14/100

20250116_103235 - Epoch 14 finished. Avg Loss: 0.1116, Mean IoU: 0.4029

Start epoch 15/100

20250116_103749 - Epoch 15 finished. Avg Loss: 0.1123, Mean IoU: 0.4031

Start epoch 16/100

20250116_104304 - Epoch 16 finished. Avg Loss: 0.1101, Mean IoU: 0.4054

Start epoch 17/100

20250116_104818 - Epoch 17 finished. Avg Loss: 0.1066, Mean IoU: 0.4095

Start epoch 18/100

20250116_105332 - Epoch 18 finished. Avg Loss: 0.1047, Mean IoU: 0.4113

Start epoch 19/100

20250116_105846 - Epoch 19 finished. Avg Loss: 0.1080, Mean IoU: 0.4087

Start epoch 20/100

20250116_110401 - Epoch 20 finished. Avg Loss: 0.1003, Mean IoU: 0.4167

Start epoch 21/100

20250116_110915 - Epoch 21 finished. Avg Loss: 0.0983, Mean IoU: 0.4199

Start epoch 22/100

20250116_111429 - Epoch 22 finished. Avg Loss: 0.0961, Mean IoU: 0.4233

Start epoch 23/100

20250116_111943 - Epoch 23 finished. Avg Loss: 0.0975, Mean IoU: 0.4218

Start epoch 24/100

20250116_112457 - Epoch 24 finished. Avg Loss: 0.0919, Mean IoU: 0.4288

Start epoch 25/100

20250116_113012 - Epoch 25 finished. Avg Loss: 0.0911, Mean IoU: 0.4311

Start epoch 26/100

20250116_113526 - Epoch 26 finished. Avg Loss: 0.0968, Mean IoU: 0.4237

Start epoch 27/100

20250116_114040 - Epoch 27 finished. Avg Loss: 0.0941, Mean IoU: 0.4293

Start epoch 28/100

20250116_114555 - Epoch 28 finished. Avg Loss: 0.0867, Mean IoU: 0.4393

Start epoch 29/100

20250116_115109 - Epoch 29 finished. Avg Loss: 0.0862, Mean IoU: 0.4398

Start epoch 30/100

20250116_115623 - Epoch 30 finished. Avg Loss: 0.0864, Mean IoU: 0.4400

Start epoch 31/100

20250116_120138 - Epoch 31 finished. Avg Loss: 0.0879, Mean IoU: 0.4386

Start epoch 32/100

20250116_120652 - Epoch 32 finished. Avg Loss: 0.0863, Mean IoU: 0.4394

Start epoch 33/100

20250116_121206 - Epoch 33 finished. Avg Loss: 0.0820, Mean IoU: 0.4469

Start epoch 34/100

20250116_121720 - Epoch 34 finished. Avg Loss: 0.0825, Mean IoU: 0.4454

Start epoch 35/100

20250116_122235 - Epoch 35 finished. Avg Loss: 0.0798, Mean IoU: 0.4497

Start epoch 36/100

20250116_122749 - Epoch 36 finished. Avg Loss: 0.0821, Mean IoU: 0.4456

Start epoch 37/100

20250116_123303 - Epoch 37 finished. Avg Loss: 0.0837, Mean IoU: 0.4452

Start epoch 38/100

20250116_123818 - Epoch 38 finished. Avg Loss: 0.0793, Mean IoU: 0.4512

Start epoch 39/100

20250116_124332 - Epoch 39 finished. Avg Loss: 0.0770, Mean IoU: 0.4548

Start epoch 40/100

20250116_124846 - Epoch 40 finished. Avg Loss: 0.0760, Mean IoU: 0.4560

Start epoch 41/100

20250116_125401 - Epoch 41 finished. Avg Loss: 0.0776, Mean IoU: 0.4538

Start epoch 42/100

20250116_125915 - Epoch 42 finished. Avg Loss: 0.0763, Mean IoU: 0.4565

Start epoch 43/100

20250116_130429 - Epoch 43 finished. Avg Loss: 0.0752, Mean IoU: 0.4578

Start epoch 44/100

20250116_130944 - Epoch 44 finished. Avg Loss: 0.0770, Mean IoU: 0.4556

Start epoch 45/100

20250116_131458 - Epoch 45 finished. Avg Loss: 0.0777, Mean IoU: 0.4545

Start epoch 46/100

20250116_132012 - Epoch 46 finished. Avg Loss: 0.0773, Mean IoU: 0.4547

Start epoch 47/100

20250116_132526 - Epoch 47 finished. Avg Loss: 0.0750, Mean IoU: 0.4577

Start epoch 48/100

20250116_133041 - Epoch 48 finished. Avg Loss: 0.0780, Mean IoU: 0.4563

Start epoch 49/100

20250116_133555 - Epoch 49 finished. Avg Loss: 0.0768, Mean IoU: 0.4569

Start epoch 50/100

20250116_134109 - Epoch 50 finished. Avg Loss: 0.0712, Mean IoU: 0.4638

Start epoch 51/100

20250116_134623 - Epoch 51 finished. Avg Loss: 0.0701, Mean IoU: 0.4650

Start epoch 52/100

20250116_135138 - Epoch 52 finished. Avg Loss: 0.0708, Mean IoU: 0.4649

Start epoch 53/100

20250116_135652 - Epoch 53 finished. Avg Loss: 0.0711, Mean IoU: 0.4653

Start epoch 54/100

20250116_140206 - Epoch 54 finished. Avg Loss: 0.0726, Mean IoU: 0.4629

Start epoch 55/100

20250116_140725 - Epoch 55 finished. Avg Loss: 0.0738, Mean IoU: 0.4609

Start epoch 56/100

20250116_141239 - Epoch 56 finished. Avg Loss: 0.0709, Mean IoU: 0.4657

Start epoch 57/100

20250116_141753 - Epoch 57 finished. Avg Loss: 0.0804, Mean IoU: 0.4554

Start epoch 58/100

20250116_142312 - Epoch 58 finished. Avg Loss: 0.0730, Mean IoU: 0.4624

Start epoch 59/100

20250116_142832 - Epoch 59 finished. Avg Loss: 0.0686, Mean IoU: 0.4680

Start epoch 60/100

20250116_143353 - Epoch 60 finished. Avg Loss: 0.0668, Mean IoU: 0.4709

Start epoch 61/100

20250116_143914 - Epoch 61 finished. Avg Loss: 0.0675, Mean IoU: 0.4711

Start epoch 62/100

20250116_144444 - Epoch 62 finished. Avg Loss: 0.0833, Mean IoU: 0.4531

Start epoch 63/100

20250116_145008 - Epoch 63 finished. Avg Loss: 0.0745, Mean IoU: 0.4597

Start epoch 64/100

20250116_145529 - Epoch 64 finished. Avg Loss: 0.0673, Mean IoU: 0.4708

Start epoch 65/100

20250116_150050 - Epoch 65 finished. Avg Loss: 0.0655, Mean IoU: 0.4736

Start epoch 66/100

20250116_150610 - Epoch 66 finished. Avg Loss: 0.0655, Mean IoU: 0.4725

Start epoch 67/100

20250116_151130 - Epoch 67 finished. Avg Loss: 0.0683, Mean IoU: 0.4703

Start epoch 68/100

20250116_151652 - Epoch 68 finished. Avg Loss: 0.0683, Mean IoU: 0.4687

Start epoch 69/100

20250116_152214 - Epoch 69 finished. Avg Loss: 0.0664, Mean IoU: 0.4731

Start epoch 70/100

20250116_152737 - Epoch 70 finished. Avg Loss: 0.0701, Mean IoU: 0.4677

Start epoch 71/100

20250116_153257 - Epoch 71 finished. Avg Loss: 0.0673, Mean IoU: 0.4719

Start epoch 72/100

20250116_153815 - Epoch 72 finished. Avg Loss: 0.0653, Mean IoU: 0.4735

Start epoch 73/100

20250116_154336 - Epoch 73 finished. Avg Loss: 0.0677, Mean IoU: 0.4712

Start epoch 74/100

20250116_154855 - Epoch 74 finished. Avg Loss: 0.0664, Mean IoU: 0.4725

Start epoch 75/100

20250116_155418 - Epoch 75 finished. Avg Loss: 0.0670, Mean IoU: 0.4721

Start epoch 76/100

20250116_155936 - Epoch 76 finished. Avg Loss: 0.0698, Mean IoU: 0.4688

Start epoch 77/100

20250116_160456 - Epoch 77 finished. Avg Loss: 0.0648, Mean IoU: 0.4750

Start epoch 78/100

20250116_161012 - Epoch 78 finished. Avg Loss: 0.0640, Mean IoU: 0.4766

Start epoch 79/100

20250116_161526 - Epoch 79 finished. Avg Loss: 0.0641, Mean IoU: 0.4761

Start epoch 80/100

20250116_162041 - Epoch 80 finished. Avg Loss: 0.0646, Mean IoU: 0.4753

Start epoch 81/100

20250116_162555 - Epoch 81 finished. Avg Loss: 0.0647, Mean IoU: 0.4754

Start epoch 82/100

20250116_163109 - Epoch 82 finished. Avg Loss: 0.0647, Mean IoU: 0.4756

Start epoch 83/100

20250116_163623 - Epoch 83 finished. Avg Loss: 0.0643, Mean IoU: 0.4764

Start epoch 84/100

20250116_164138 - Epoch 84 finished. Avg Loss: 0.0645, Mean IoU: 0.4767

Start epoch 85/100

20250116_164652 - Epoch 85 finished. Avg Loss: 0.0632, Mean IoU: 0.4781

Start epoch 86/100

20250116_165206 - Epoch 86 finished. Avg Loss: 0.0703, Mean IoU: 0.4697

Start epoch 87/100

20250116_165721 - Epoch 87 finished. Avg Loss: 0.0657, Mean IoU: 0.4749

Start epoch 88/100

20250116_170235 - Epoch 88 finished. Avg Loss: 0.0620, Mean IoU: 0.4806

Start epoch 89/100

20250116_170749 - Epoch 89 finished. Avg Loss: 0.0652, Mean IoU: 0.4748

Start epoch 90/100

20250116_171303 - Epoch 90 finished. Avg Loss: 0.0631, Mean IoU: 0.4781

Start epoch 91/100

20250116_171818 - Epoch 91 finished. Avg Loss: 0.0624, Mean IoU: 0.4792

Start epoch 92/100

20250116_172332 - Epoch 92 finished. Avg Loss: 0.0627, Mean IoU: 0.4786

Start epoch 93/100

20250116_172846 - Epoch 93 finished. Avg Loss: 0.0618, Mean IoU: 0.4800

Start epoch 94/100

20250116_173400 - Epoch 94 finished. Avg Loss: 0.0611, Mean IoU: 0.4814

Start epoch 95/100

20250116_173915 - Epoch 95 finished. Avg Loss: 0.0622, Mean IoU: 0.4800

Start epoch 96/100

20250116_174429 - Epoch 96 finished. Avg Loss: 0.0691, Mean IoU: 0.4687

Start epoch 97/100

20250116_174943 - Epoch 97 finished. Avg Loss: 0.0609, Mean IoU: 0.4817

Start epoch 98/100

20250116_175457 - Epoch 98 finished. Avg Loss: 0.0598, Mean IoU: 0.4841

Start epoch 99/100

20250116_180011 - Epoch 99 finished. Avg Loss: 0.0604, Mean IoU: 0.4830

Start epoch 100/100

20250116_180526 - Epoch 100 finished. Avg Loss: 0.0607, Mean IoU: 0.4825
20250116_180546 - Evaluation complete. Avg Loss: 0.0707, Mean IoU: 0.4738, Weighted IoU: 0.9494
