{'dataset': {'original_size': [1920, 1080],
             'rainy_augmentation_prob': 0,
             'root': '/net/ens/am4ip/datasets/project-dataset',
             'sunny_augmentation_prob': 1,
             'use_general_transforms': False},
 'directories': {'save_model_path': './model.pth'},
 'training': {'batch_size': 16,
              'learning_rate': 0.001,
              'loss': 'CrossEntropy',
              'num_epochs': 100,
              'optimizer': 'Adam'}}
Training samples: 8960
Testing samples: 1485

Start epoch 1/100

20250117_090630 - Epoch 1 finished. Avg Loss: 13.8549, Mean IoU: 0.0551

Start epoch 2/100

20250117_091245 - Epoch 2 finished. Avg Loss: 0.6718, Mean IoU: 0.1156

Start epoch 3/100

20250117_091900 - Epoch 3 finished. Avg Loss: 0.4560, Mean IoU: 0.1725

Start epoch 4/100

20250117_092515 - Epoch 4 finished. Avg Loss: 0.3490, Mean IoU: 0.2265

Start epoch 5/100

20250117_093130 - Epoch 5 finished. Avg Loss: 0.2979, Mean IoU: 0.2616

Start epoch 6/100

20250117_093745 - Epoch 6 finished. Avg Loss: 0.2534, Mean IoU: 0.2903

Start epoch 7/100

20250117_094402 - Epoch 7 finished. Avg Loss: 0.2326, Mean IoU: 0.3090

Start epoch 8/100

20250117_095030 - Epoch 8 finished. Avg Loss: 0.2129, Mean IoU: 0.3270

Start epoch 9/100

20250117_095655 - Epoch 9 finished. Avg Loss: 0.1899, Mean IoU: 0.3435

Start epoch 10/100

20250117_100323 - Epoch 10 finished. Avg Loss: 0.1797, Mean IoU: 0.3531

Start epoch 11/100

20250117_100952 - Epoch 11 finished. Avg Loss: 0.1807, Mean IoU: 0.3539

Start epoch 12/100

20250117_101616 - Epoch 12 finished. Avg Loss: 0.1737, Mean IoU: 0.3600

Start epoch 13/100

20250117_102242 - Epoch 13 finished. Avg Loss: 0.1606, Mean IoU: 0.3679

Start epoch 14/100

20250117_102914 - Epoch 14 finished. Avg Loss: 0.1618, Mean IoU: 0.3697

Start epoch 15/100

20250117_103543 - Epoch 15 finished. Avg Loss: 0.1544, Mean IoU: 0.3751

Start epoch 16/100

20250117_104213 - Epoch 16 finished. Avg Loss: 0.1435, Mean IoU: 0.3812

Start epoch 17/100

20250117_104833 - Epoch 17 finished. Avg Loss: 0.1371, Mean IoU: 0.3851

Start epoch 18/100

20250117_105459 - Epoch 18 finished. Avg Loss: 0.1324, Mean IoU: 0.3901

Start epoch 19/100

20250117_110122 - Epoch 19 finished. Avg Loss: 0.1584, Mean IoU: 0.3738

Start epoch 20/100

20250117_110747 - Epoch 20 finished. Avg Loss: 0.1474, Mean IoU: 0.3820

Start epoch 21/100

20250117_111414 - Epoch 21 finished. Avg Loss: 0.1267, Mean IoU: 0.3940

Start epoch 22/100

20250117_112045 - Epoch 22 finished. Avg Loss: 0.1201, Mean IoU: 0.4015

Start epoch 23/100

20250117_112717 - Epoch 23 finished. Avg Loss: 0.1392, Mean IoU: 0.3862

Start epoch 24/100

20250117_113350 - Epoch 24 finished. Avg Loss: 0.1345, Mean IoU: 0.3904

Start epoch 25/100

20250117_114022 - Epoch 25 finished. Avg Loss: 0.1208, Mean IoU: 0.3997

Start epoch 26/100

20250117_114654 - Epoch 26 finished. Avg Loss: 0.1136, Mean IoU: 0.4069

Start epoch 27/100

20250117_115325 - Epoch 27 finished. Avg Loss: 0.1170, Mean IoU: 0.4039

Start epoch 28/100

20250117_115944 - Epoch 28 finished. Avg Loss: 0.1268, Mean IoU: 0.3978

Start epoch 29/100

20250117_120601 - Epoch 29 finished. Avg Loss: 0.1152, Mean IoU: 0.4063

Start epoch 30/100
