{'dataset': {'original_size': [1920, 1080],
             'rainy_augmentation_prob': 0,
             'root': '/net/ens/am4ip/datasets/project-dataset',
             'sunny_augmentation_prob': 1,
             'use_general_transforms': False},
 'directories': {'save_model_path': './model.pth'},
 'training': {'batch_size': 16,
              'learning_rate': 0.001,
              'loss': 'CrossEntropy',
              'num_epochs': 100,
              'optimizer': 'Adam'}}
Training samples: 8960
Testing samples: 1485

Start epoch 1/100
Traceback (most recent call last):
  File "/autofs/unityaccount/cremi/aalonsogarci/shared_cremi/AMIP/main2.py", line 103, in <module>
    main(cfg)
  File "/autofs/unityaccount/cremi/aalonsogarci/shared_cremi/AMIP/main2.py", line 84, in main
    trainer.fit(train_data_loader=train_loader, epoch=cfg.training.num_epochs)
  File "/autofs/unityaccount/cremi/aalonsogarci/shared_cremi/AMIP/trainer.py", line 41, in fit
    outputs = self.model(images)
              ^^^^^^^^^^^^^^^^^^
  File "/autofs/unityaccount/ens/DeepLearning/python3/tensorflow2/lib/python3.11/site-packages/torch/nn/modules/module.py", line 1553, in _wrapped_call_impl
    return self._call_impl(*args, **kwargs)
           ^^^^^^^^^^^^^^^^^^^^^^^^^^^^^^^^
  File "/autofs/unityaccount/ens/DeepLearning/python3/tensorflow2/lib/python3.11/site-packages/torch/nn/modules/module.py", line 1562, in _call_impl
    return forward_call(*args, **kwargs)
           ^^^^^^^^^^^^^^^^^^^^^^^^^^^^^
  File "/autofs/unityaccount/cremi/aalonsogarci/shared_cremi/AMIP/unet2.py", line 66, in forward
    encoder_5_output = self.encoder4(encoder_4_pooling)
                       ^^^^^^^^^^^^^^^^^^^^^^^^^^^^^^^^
  File "/autofs/unityaccount/ens/DeepLearning/python3/tensorflow2/lib/python3.11/site-packages/torch/nn/modules/module.py", line 1553, in _wrapped_call_impl
    return self._call_impl(*args, **kwargs)
           ^^^^^^^^^^^^^^^^^^^^^^^^^^^^^^^^
  File "/autofs/unityaccount/ens/DeepLearning/python3/tensorflow2/lib/python3.11/site-packages/torch/nn/modules/module.py", line 1562, in _call_impl
    return forward_call(*args, **kwargs)
           ^^^^^^^^^^^^^^^^^^^^^^^^^^^^^
  File "/autofs/unityaccount/cremi/aalonsogarci/shared_cremi/AMIP/unet2.py", line 18, in forward
    return self.conv(x)
           ^^^^^^^^^^^^
  File "/autofs/unityaccount/ens/DeepLearning/python3/tensorflow2/lib/python3.11/site-packages/torch/nn/modules/module.py", line 1553, in _wrapped_call_impl
    return self._call_impl(*args, **kwargs)
           ^^^^^^^^^^^^^^^^^^^^^^^^^^^^^^^^
  File "/autofs/unityaccount/ens/DeepLearning/python3/tensorflow2/lib/python3.11/site-packages/torch/nn/modules/module.py", line 1562, in _call_impl
    return forward_call(*args, **kwargs)
           ^^^^^^^^^^^^^^^^^^^^^^^^^^^^^
  File "/autofs/unityaccount/ens/DeepLearning/python3/tensorflow2/lib/python3.11/site-packages/torch/nn/modules/container.py", line 219, in forward
    input = module(input)
            ^^^^^^^^^^^^^
  File "/autofs/unityaccount/ens/DeepLearning/python3/tensorflow2/lib/python3.11/site-packages/torch/nn/modules/module.py", line 1553, in _wrapped_call_impl
    return self._call_impl(*args, **kwargs)
           ^^^^^^^^^^^^^^^^^^^^^^^^^^^^^^^^
  File "/autofs/unityaccount/ens/DeepLearning/python3/tensorflow2/lib/python3.11/site-packages/torch/nn/modules/module.py", line 1562, in _call_impl
    return forward_call(*args, **kwargs)
           ^^^^^^^^^^^^^^^^^^^^^^^^^^^^^
  File "/autofs/unityaccount/ens/DeepLearning/python3/tensorflow2/lib/python3.11/site-packages/torch/nn/modules/conv.py", line 458, in forward
    return self._conv_forward(input, self.weight, self.bias)
           ^^^^^^^^^^^^^^^^^^^^^^^^^^^^^^^^^^^^^^^^^^^^^^^^^
  File "/autofs/unityaccount/ens/DeepLearning/python3/tensorflow2/lib/python3.11/site-packages/torch/nn/modules/conv.py", line 454, in _conv_forward
    return F.conv2d(input, weight, bias, self.stride,
           ^^^^^^^^^^^^^^^^^^^^^^^^^^^^^^^^^^^^^^^^^^
RuntimeError: Given groups=1, weight of size [512, 256, 3, 3], expected input[16, 512, 16, 16] to have 256 channels, but got 512 channels instead
